0 info it worked if it ends with ok
1 verbose cli [ 'C:\\Program Files\\nodejs\\\\node.exe',
1 verbose cli   'C:\\Program Files\\nodejs\\node_modules\\npm\\bin\\npm-cli.js',
1 verbose cli   'install',
1 verbose cli   '-g',
1 verbose cli   'svgo' ]
2 info using npm@2.13.4
3 info using node@v0.10.35
4 verbose install initial load of C:\Program Files\nodejs\package.json
5 verbose readDependencies loading dependencies from C:\Program Files\nodejs\package.json
6 silly cache add args [ 'svgo', null ]
7 verbose cache add spec svgo
8 silly cache add parsed spec { raw: 'svgo',
8 silly cache add   scope: null,
8 silly cache add   name: 'svgo',
8 silly cache add   rawSpec: '',
8 silly cache add   spec: '*',
8 silly cache add   type: 'range' }
9 silly addNamed svgo@*
10 verbose addNamed "*" is a valid semver range for svgo
11 silly addNameRange { name: 'svgo', range: '*', hasData: false }
12 silly mapToRegistry name svgo
13 silly mapToRegistry using default registry
14 silly mapToRegistry registry https://registry.npmjs.org/
15 silly mapToRegistry uri https://registry.npmjs.org/svgo
16 verbose addNameRange registry:https://registry.npmjs.org/svgo not in flight; fetching
17 verbose request uri https://registry.npmjs.org/svgo
18 verbose request no auth needed
19 info attempt registry request try #1 at 00:38:23
20 verbose request id e0fed0484063f488
21 verbose etag "H2OG36SDKH7YW1UZ25JFWSVC"
22 http request GET https://registry.npmjs.org/svgo
23 http 304 https://registry.npmjs.org/svgo
24 silly get cb [ 304,
24 silly get   { date: 'Tue, 11 Aug 2015 22:38:24 GMT',
24 silly get     via: '1.1 varnish',
24 silly get     'cache-control': 'max-age=60',
24 silly get     etag: '"H2OG36SDKH7YW1UZ25JFWSVC"',
24 silly get     age: '23',
24 silly get     connection: 'keep-alive',
24 silly get     'x-served-by': 'cache-jfk1032-JFK',
24 silly get     'x-cache': 'HIT',
24 silly get     'x-cache-hits': '1',
24 silly get     'x-timer': 'S1439332704.641309,VS0,VE1',
24 silly get     vary: 'Accept' } ]
25 verbose etag https://registry.npmjs.org/svgo from cache
26 verbose get saving svgo to C:\Users\Chaume\AppData\Roaming\npm-cache\registry.npmjs.org\svgo\.cache.json
27 silly addNameRange number 2 { name: 'svgo', range: '*', hasData: true }
28 silly addNameRange versions [ 'svgo',
28 silly addNameRange   [ '0.0.1',
28 silly addNameRange     '0.0.1-2',
28 silly addNameRange     '0.0.1-3',
28 silly addNameRange     '0.0.2',
28 silly addNameRange     '0.0.3',
28 silly addNameRange     '0.0.4',
28 silly addNameRange     '0.0.5',
28 silly addNameRange     '0.0.5-1',
28 silly addNameRange     '0.0.6',
28 silly addNameRange     '0.0.7',
28 silly addNameRange     '0.0.7-1',
28 silly addNameRange     '0.0.8',
28 silly addNameRange     '0.0.9',
28 silly addNameRange     '0.0.9-1',
28 silly addNameRange     '0.1.0',
28 silly addNameRange     '0.1.1',
28 silly addNameRange     '0.1.2',
28 silly addNameRange     '0.1.3',
28 silly addNameRange     '0.1.4',
28 silly addNameRange     '0.1.5',
28 silly addNameRange     '0.1.6',
28 silly addNameRange     '0.1.7',
28 silly addNameRange     '0.1.8',
28 silly addNameRange     '0.1.9',
28 silly addNameRange     '0.1.9-1',
28 silly addNameRange     '0.2.0',
28 silly addNameRange     '0.2.1',
28 silly addNameRange     '0.2.2',
28 silly addNameRange     '0.2.3',
28 silly addNameRange     '0.2.4',
28 silly addNameRange     '0.3.0',
28 silly addNameRange     '0.3.1',
28 silly addNameRange     '0.3.2',
28 silly addNameRange     '0.3.3',
28 silly addNameRange     '0.3.4',
28 silly addNameRange     '0.3.5',
28 silly addNameRange     '0.3.6',
28 silly addNameRange     '0.3.7',
28 silly addNameRange     '0.4.0',
28 silly addNameRange     '0.4.1',
28 silly addNameRange     '0.4.2',
28 silly addNameRange     '0.4.3',
28 silly addNameRange     '0.4.4',
28 silly addNameRange     '0.4.5',
28 silly addNameRange     '0.5.0',
28 silly addNameRange     '0.5.1',
28 silly addNameRange     '0.5.2',
28 silly addNameRange     '0.5.3',
28 silly addNameRange     '0.5.4',
28 silly addNameRange     '0.5.5' ] ]
29 silly addNamed svgo@0.5.5
30 verbose addNamed "0.5.5" is a plain semver version for svgo
31 silly cache afterAdd svgo@0.5.5
32 verbose afterAdd C:\Users\Chaume\AppData\Roaming\npm-cache\svgo\0.5.5\package\package.json not in flight; writing
33 verbose afterAdd C:\Users\Chaume\AppData\Roaming\npm-cache\svgo\0.5.5\package\package.json written
34 silly install resolved [ { name: 'svgo',
34 silly install resolved     version: '0.5.5',
34 silly install resolved     description: 'Nodejs-based tool for optimizing SVG vector graphics files',
34 silly install resolved     keywords: [ 'svgo', 'svg', 'optimize', 'minify' ],
34 silly install resolved     homepage: 'https://github.com/svg/svgo',
34 silly install resolved     bugs:
34 silly install resolved      { url: 'https://github.com/svg/svgo/issues',
34 silly install resolved        email: 'kir@soulshine.in' },
34 silly install resolved     author:
34 silly install resolved      { name: 'Kir Belevich',
34 silly install resolved        email: 'kir@soulshine.in',
34 silly install resolved        url: 'https://github.com/deepsweet' },
34 silly install resolved     contributors: [ [Object], [Object] ],
34 silly install resolved     repository: { type: 'git', url: 'git://github.com/svg/svgo.git' },
34 silly install resolved     main: './lib/svgo.js',
34 silly install resolved     bin: { svgo: './bin/svgo' },
34 silly install resolved     directories: { bin: './bin', lib: './lib', example: './examples' },
34 silly install resolved     scripts: { test: 'make test' },
34 silly install resolved     dependencies:
34 silly install resolved      { sax: '~1.1.1',
34 silly install resolved        coa: '~1.0.1',
34 silly install resolved        'js-yaml': '~3.3.1',
34 silly install resolved        colors: '~1.1.2',
34 silly install resolved        'whet.extend': '~0.9.9',
34 silly install resolved        mkdirp: '~0.5.1' },
34 silly install resolved     devDependencies:
34 silly install resolved      { mocha: '~2.2.5',
34 silly install resolved        should: '7.0.2',
34 silly install resolved        istanbul: '~0.3.17',
34 silly install resolved        'mocha-istanbul': '~0.2.0',
34 silly install resolved        coveralls: '~2.11.3' },
34 silly install resolved     engines: { node: '>=0.10.0' },
34 silly install resolved     license: 'MIT',
34 silly install resolved     gitHead: '23c2631c10063bbe86bd49ef0eef5b98b675e943',
34 silly install resolved     _id: 'svgo@0.5.5',
34 silly install resolved     _shasum: '3dff8a0803c4f40c245295816e355204d1da3872',
34 silly install resolved     _from: 'svgo@*',
34 silly install resolved     _npmVersion: '2.5.1',
34 silly install resolved     _nodeVersion: '0.12.0',
34 silly install resolved     _npmUser: { name: 'greli', email: 'grelimail@gmail.com' },
34 silly install resolved     maintainers: [ [Object], [Object] ],
34 silly install resolved     dist:
34 silly install resolved      { shasum: '3dff8a0803c4f40c245295816e355204d1da3872',
34 silly install resolved        tarball: 'http://registry.npmjs.org/svgo/-/svgo-0.5.5.tgz' },
34 silly install resolved     _resolved: 'https://registry.npmjs.org/svgo/-/svgo-0.5.5.tgz',
34 silly install resolved     readme: 'ERROR: No README data found!' } ]
35 info install svgo@0.5.5 into C:\Program Files\nodejs
36 info installOne svgo@0.5.5
37 verbose installOne of svgo to C:\Program Files\nodejs not in flight; installing
38 verbose lock using C:\Users\Chaume\AppData\Roaming\npm-cache\_locks\svgo-359be4f0d587f131.lock for C:\Program Files\nodejs\node_modules\svgo
39 silly install write writing svgo 0.5.5 to C:\Program Files\nodejs\node_modules\svgo
40 verbose unbuild node_modules\svgo
41 silly gentlyRm C:\Program Files\nodejs\node_modules\svgo is being purged from base C:\Program Files\nodejs
42 verbose gentlyRm don't care about contents; nuking C:\Program Files\nodejs\node_modules\svgo
43 verbose tar unpack C:\Users\Chaume\AppData\Roaming\npm-cache\svgo\0.5.5\package.tgz
44 verbose tar unpacking to C:\Program Files\nodejs\node_modules\svgo
45 silly gentlyRm C:\Program Files\nodejs\node_modules\svgo is being purged
46 verbose gentlyRm don't care about contents; nuking C:\Program Files\nodejs\node_modules\svgo
47 silly gunzTarPerm modes [ '777', '666' ]
48 error tar.unpack untar error C:\Users\Chaume\AppData\Roaming\npm-cache\svgo\0.5.5\package.tgz
49 verbose unlock done using C:\Users\Chaume\AppData\Roaming\npm-cache\_locks\svgo-359be4f0d587f131.lock for C:\Program Files\nodejs\node_modules\svgo
50 verbose fstream_path C:\Program Files\nodejs\node_modules\svgo
51 verbose fstream_type Directory
52 verbose fstream_class DirWriter
53 verbose stack Error: EPERM, mkdir 'C:\Program Files\nodejs\node_modules\svgo'
54 verbose fstream_stack C:\Program Files\nodejs\node_modules\npm\node_modules\fstream\lib\dir-writer.js:35:25
54 verbose fstream_stack C:\Program Files\nodejs\node_modules\npm\node_modules\mkdirp\index.js:47:53
54 verbose fstream_stack Object.oncomplete (fs.js:108:15)
55 verbose cwd C:\Users\Chaume\Desktop\Grunt\coffeescript
56 error Windows_NT 6.1.7601
57 error argv "C:\\Program Files\\nodejs\\\\node.exe" "C:\\Program Files\\nodejs\\node_modules\\npm\\bin\\npm-cli.js" "install" "-g" "svgo"
58 error node v0.10.35
59 error npm  v2.13.4
60 error path C:\Program Files\nodejs\node_modules\svgo
61 error code EPERM
62 error errno 50
63 error Error: EPERM, mkdir 'C:\Program Files\nodejs\node_modules\svgo'
63 error  { [Error: EPERM, mkdir 'C:\Program Files\nodejs\node_modules\svgo']
63 error   errno: 50,
63 error   code: 'EPERM',
63 error   path: 'C:\\Program Files\\nodejs\\node_modules\\svgo',
63 error   fstream_type: 'Directory',
63 error   fstream_path: 'C:\\Program Files\\nodejs\\node_modules\\svgo',
63 error   fstream_class: 'DirWriter',
63 error   fstream_stack:
63 error    [ 'C:\\Program Files\\nodejs\\node_modules\\npm\\node_modules\\fstream\\lib\\dir-writer.js:35:25',
63 error      'C:\\Program Files\\nodejs\\node_modules\\npm\\node_modules\\mkdirp\\index.js:47:53',
63 error      'Object.oncomplete (fs.js:108:15)' ] }
64 error Please try running this command again as root/Administrator.
65 verbose exit [ 50, true ]
66 verbose unbuild node_modules\svgo
67 silly gentlyRm C:\Program Files\nodejs\node_modules\svgo is being purged from base C:\Program Files\nodejs
68 verbose gentlyRm don't care about contents; nuking C:\Program Files\nodejs\node_modules\svgo
